2019-07-29 13:53:58,334 INFO o.a.j.u.JMeterUtils: Setting Locale to en_EN
2019-07-29 13:53:58,350 INFO o.a.j.JMeter: Loading user properties from: /usr/local/Cellar/jmeter/5.1.1/libexec/bin/user.properties
2019-07-29 13:53:58,351 INFO o.a.j.JMeter: Loading system properties from: /usr/local/Cellar/jmeter/5.1.1/libexec/bin/system.properties
2019-07-29 13:53:58,354 INFO o.a.j.JMeter: Copyright (c) 1998-2019 The Apache Software Foundation
2019-07-29 13:53:58,354 INFO o.a.j.JMeter: Version 5.1.1 r1855137
2019-07-29 13:53:58,354 INFO o.a.j.JMeter: java.version=1.8.0_211
2019-07-29 13:53:58,354 INFO o.a.j.JMeter: java.vm.name=Java HotSpot(TM) 64-Bit Server VM
2019-07-29 13:53:58,354 INFO o.a.j.JMeter: os.name=Mac OS X
2019-07-29 13:53:58,354 INFO o.a.j.JMeter: os.arch=x86_64
2019-07-29 13:53:58,354 INFO o.a.j.JMeter: os.version=10.14.5
2019-07-29 13:53:58,354 INFO o.a.j.JMeter: file.encoding=UTF-8
2019-07-29 13:53:58,355 INFO o.a.j.JMeter: java.awt.headless=null
2019-07-29 13:53:58,355 INFO o.a.j.JMeter: Max memory     =1073741824
2019-07-29 13:53:58,355 INFO o.a.j.JMeter: Available Processors =12
2019-07-29 13:53:58,358 INFO o.a.j.JMeter: Default Locale=English (EN)
2019-07-29 13:53:58,358 INFO o.a.j.JMeter: JMeter  Locale=English (EN)
2019-07-29 13:53:58,358 INFO o.a.j.JMeter: JMeterHome=/usr/local/Cellar/jmeter/5.1.1/libexec
2019-07-29 13:53:58,358 INFO o.a.j.JMeter: user.dir  =/Users/johanneshenkie/Downloads/cucumber-java-skeleton-master
2019-07-29 13:53:58,358 INFO o.a.j.JMeter: PWD       =/Users/johanneshenkie/Downloads/cucumber-java-skeleton-master
2019-07-29 13:54:03,362 INFO o.a.j.JMeter: IP: 172.25.116.111 Name: Johanness-MacBook-Pro.local FullName: 172.25.116.111
2019-07-29 13:54:04,759 INFO o.a.j.g.a.LookAndFeelCommand: Installing Darcula LAF
2019-07-29 13:54:04,773 INFO o.a.j.g.a.LookAndFeelCommand: Using look and feel: com.bulenkov.darcula.DarculaLaf [Darcula]
2019-07-29 13:54:04,773 INFO o.a.j.JMeter: Setting LAF to: com.bulenkov.darcula.DarculaLaf
2019-07-29 13:54:04,835 INFO o.a.j.JMeter: Loaded icon properties from org/apache/jmeter/images/icon.properties
2019-07-29 13:54:06,298 INFO k.a.j.JMeterPluginsUtils: JMeter-Plugins.org v.1.4.0
2019-07-29 13:54:06,662 WARN o.a.j.g.u.MenuFactory: Could not instantiate class: kg.apc.jmeter.reporters.LoadosophiaUploaderGui
java.lang.reflect.InvocationTargetException: null
	at sun.reflect.NativeConstructorAccessorImpl.newInstance0(Native Method) ~[?:1.8.0_211]
	at sun.reflect.NativeConstructorAccessorImpl.newInstance(NativeConstructorAccessorImpl.java:62) ~[?:1.8.0_211]
	at sun.reflect.DelegatingConstructorAccessorImpl.newInstance(DelegatingConstructorAccessorImpl.java:45) ~[?:1.8.0_211]
	at java.lang.reflect.Constructor.newInstance(Constructor.java:423) ~[?:1.8.0_211]
	at org.apache.jmeter.gui.util.MenuFactory.getGUIComponent(MenuFactory.java:174) ~[ApacheJMeter_core.jar:5.1.1 r1855137]
	at org.apache.jmeter.gui.util.MenuFactory.initializeMenus(MenuFactory.java:141) ~[ApacheJMeter_core.jar:5.1.1 r1855137]
	at org.apache.jmeter.gui.util.MenuFactory.<clinit>(MenuFactory.java:106) ~[ApacheJMeter_core.jar:5.1.1 r1855137]
	at org.apache.jmeter.control.gui.TestPlanGui.createPopupMenu(TestPlanGui.java:92) ~[ApacheJMeter_core.jar:5.1.1 r1855137]
	at org.apache.jmeter.gui.tree.JMeterTreeNode.createPopupMenu(JMeterTreeNode.java:185) ~[ApacheJMeter_core.jar:5.1.1 r1855137]
	at org.apache.jmeter.gui.action.EditCommand.doAction(EditCommand.java:46) ~[ApacheJMeter_core.jar:5.1.1 r1855137]
	at org.apache.jmeter.gui.action.ActionRouter.performAction(ActionRouter.java:88) ~[ApacheJMeter_core.jar:5.1.1 r1855137]
	at org.apache.jmeter.gui.action.ActionRouter.lambda$actionPerformed$0(ActionRouter.java:70) ~[ApacheJMeter_core.jar:5.1.1 r1855137]
	at java.awt.event.InvocationEvent.dispatch(InvocationEvent.java:311) [?:1.8.0_211]
	at java.awt.EventQueue.dispatchEventImpl(EventQueue.java:758) [?:1.8.0_211]
	at java.awt.EventQueue.access$500(EventQueue.java:97) [?:1.8.0_211]
	at java.awt.EventQueue$3.run(EventQueue.java:709) [?:1.8.0_211]
	at java.awt.EventQueue$3.run(EventQueue.java:703) [?:1.8.0_211]
	at java.security.AccessController.doPrivileged(Native Method) [?:1.8.0_211]
	at java.security.ProtectionDomain$JavaSecurityAccessImpl.doIntersectionPrivilege(ProtectionDomain.java:74) [?:1.8.0_211]
	at java.awt.EventQueue.dispatchEvent(EventQueue.java:728) [?:1.8.0_211]
	at java.awt.EventDispatchThread.pumpOneEventForFilters(EventDispatchThread.java:205) [?:1.8.0_211]
	at java.awt.EventDispatchThread.pumpEventsForFilter(EventDispatchThread.java:116) [?:1.8.0_211]
	at java.awt.EventDispatchThread.pumpEventsForHierarchy(EventDispatchThread.java:105) [?:1.8.0_211]
	at java.awt.EventDispatchThread.pumpEvents(EventDispatchThread.java:101) [?:1.8.0_211]
	at java.awt.EventDispatchThread.pumpEvents(EventDispatchThread.java:93) [?:1.8.0_211]
	at java.awt.EventDispatchThread.run(EventDispatchThread.java:82) [?:1.8.0_211]
Caused by: java.lang.NoClassDefFoundError: org/apache/commons/httpclient/methods/multipart/PartSource
	at kg.apc.jmeter.reporters.LoadosophiaUploaderGui.init(LoadosophiaUploaderGui.java:114) ~[JMeterPlugins-Standard.jar:?]
	at kg.apc.jmeter.reporters.LoadosophiaUploaderGui.<init>(LoadosophiaUploaderGui.java:28) ~[JMeterPlugins-Standard.jar:?]
	... 26 more
Caused by: java.lang.ClassNotFoundException: org.apache.commons.httpclient.methods.multipart.PartSource
	at java.net.URLClassLoader.findClass(URLClassLoader.java:382) ~[?:1.8.0_211]
	at java.lang.ClassLoader.loadClass(ClassLoader.java:424) ~[?:1.8.0_211]
	at java.lang.ClassLoader.loadClass(ClassLoader.java:357) ~[?:1.8.0_211]
	at kg.apc.jmeter.reporters.LoadosophiaUploaderGui.init(LoadosophiaUploaderGui.java:114) ~[JMeterPlugins-Standard.jar:?]
	at kg.apc.jmeter.reporters.LoadosophiaUploaderGui.<init>(LoadosophiaUploaderGui.java:28) ~[JMeterPlugins-Standard.jar:?]
	... 26 more
2019-07-29 13:54:07,260 INFO o.a.j.p.h.s.HTTPSamplerBase: Parser for text/html is org.apache.jmeter.protocol.http.parser.LagartoBasedHtmlParser
2019-07-29 13:54:07,260 INFO o.a.j.p.h.s.HTTPSamplerBase: Parser for application/xhtml+xml is org.apache.jmeter.protocol.http.parser.LagartoBasedHtmlParser
2019-07-29 13:54:07,261 INFO o.a.j.p.h.s.HTTPSamplerBase: Parser for application/xml is org.apache.jmeter.protocol.http.parser.LagartoBasedHtmlParser
2019-07-29 13:54:07,261 INFO o.a.j.p.h.s.HTTPSamplerBase: Parser for text/xml is org.apache.jmeter.protocol.http.parser.LagartoBasedHtmlParser
2019-07-29 13:54:07,261 INFO o.a.j.p.h.s.HTTPSamplerBase: Parser for text/vnd.wap.wml is org.apache.jmeter.protocol.http.parser.RegexpHTMLParser
2019-07-29 13:54:07,261 INFO o.a.j.p.h.s.HTTPSamplerBase: Parser for text/css is org.apache.jmeter.protocol.http.parser.CssParser
2019-07-29 13:54:07,484 INFO o.a.j.e.KeyToolUtils: keytool found at 'keytool'
2019-07-29 13:54:07,485 INFO o.a.j.p.h.p.ProxyControl: HTTP(S) Test Script Recorder SSL Proxy will use keys that support embedded 3rd party resources in file /usr/local/Cellar/jmeter/5.1.1/libexec/bin/proxyserver.jks
2019-07-29 13:54:07,588 INFO o.a.j.s.FileServer: Default base='/Users/johanneshenkie/Downloads/cucumber-java-skeleton-master'
2019-07-29 13:54:07,791 INFO o.a.j.s.SampleResult: Note: Sample TimeStamps are START times
2019-07-29 13:54:07,791 INFO o.a.j.s.SampleResult: sampleresult.default.encoding is set to ISO-8859-1
2019-07-29 13:54:07,792 INFO o.a.j.s.SampleResult: sampleresult.useNanoTime=true
2019-07-29 13:54:07,792 INFO o.a.j.s.SampleResult: sampleresult.nanoThreadSleep=5000
2019-07-29 13:54:23,665 INFO o.a.j.g.a.Load: Loading file: /Users/johanneshenkie/Documents/dockerjmeter/docker-jmeter/tests/loadTest/iovio.jmx
2019-07-29 13:54:23,666 INFO o.a.j.s.FileServer: Set new base='/Users/johanneshenkie/Documents/dockerjmeter/docker-jmeter/tests/loadTest'
2019-07-29 13:54:23,767 INFO o.a.j.s.SaveService: Testplan (JMX) version: 2.2. Testlog (JTL) version: 2.2
2019-07-29 13:54:23,779 INFO o.a.j.s.SaveService: Using SaveService properties file encoding UTF-8
2019-07-29 13:54:23,781 INFO o.a.j.s.SaveService: Using SaveService properties version 5.0
2019-07-29 13:54:23,783 INFO o.a.j.s.SaveService: Loading file: /Users/johanneshenkie/Documents/dockerjmeter/docker-jmeter/tests/loadTest/iovio.jmx
2019-07-29 13:54:23,829 INFO o.a.j.s.FileServer: Set new base='/Users/johanneshenkie/Documents/dockerjmeter/docker-jmeter/tests/loadTest'
